2020-04-30 12:54:07,687 [Worker-6] INFO  o.e.m.c.i.p.ProjectConfigurationManager - Collecting project info '/pom.xml' C:\Users\yanding.li\Desktop\myGitHub\jete\jete\pom.xml
2020-04-30 12:54:10,702 [Worker-6] INFO  o.e.m.c.i.l.LifecycleMappingFactory - Using org.eclipse.m2e.jdt.JarLifecycleMapping lifecycle mapping for MavenProject: com.tester:jete:0.0.1 @ C:\Users\yanding.li\Desktop\myGitHub\jete\jete\pom.xml.
2020-04-30 12:54:13,248 [Worker-6] INFO  o.e.m.j.i.AbstractJavaProjectConfigurator - Adding source folder /jete/src/main/java
2020-04-30 12:54:13,280 [Worker-6] INFO  o.e.m.j.i.AbstractJavaProjectConfigurator - Adding source folder /jete/src/test/java
2020-04-30 12:54:17,037 [Worker-6] INFO  o.e.m.c.i.p.ProjectConfigurationManager - Imported and configured 1 project(s) in 9 sec
2020-04-30 12:54:18,318 [Worker-6] INFO  o.e.m.c.i.embedder.EclipseLogger - Using 'UTF-8' encoding to copy filtered resources.
2020-04-30 12:54:18,318 [Worker-6] INFO  o.e.m.c.i.embedder.EclipseLogger - skip non existing resourceDirectory C:\Users\yanding.li\Desktop\myGitHub\jete\jete\src\main\resources
2020-04-30 12:54:18,334 [Worker-6] INFO  o.e.m.c.i.embedder.EclipseLogger - Using 'UTF-8' encoding to copy filtered resources.
2020-04-30 12:54:18,334 [Worker-6] INFO  o.e.m.c.i.embedder.EclipseLogger - skip non existing resourceDirectory C:\Users\yanding.li\Desktop\myGitHub\jete\jete\src\test\resources
2020-04-30 12:59:44,042 [Worker-14] INFO  o.e.m.c.i.embedder.EclipseLogger - Using 'UTF-8' encoding to copy filtered resources.
2020-04-30 12:59:44,043 [Worker-14] INFO  o.e.m.c.i.embedder.EclipseLogger - skip non existing resourceDirectory C:\Users\yanding.li\Desktop\myGitHub\jete\jete\src\main\resources
2020-04-30 12:59:44,045 [Worker-14] INFO  o.e.m.c.i.embedder.EclipseLogger - Using 'UTF-8' encoding to copy filtered resources.
2020-04-30 12:59:44,046 [Worker-14] INFO  o.e.m.c.i.embedder.EclipseLogger - skip non existing resourceDirectory C:\Users\yanding.li\Desktop\myGitHub\jete\jete\src\test\resources
2020-04-30 13:03:46,521 [Worker-3] INFO  o.e.m.c.i.e.AbstractTransferListenerAdapter - Downloading https://repo.maven.apache.org/maven2/org/apache/maven/plugins/maven-dependency-plugin/2.6/maven-dependency-plugin-2.6.jar
2020-04-30 13:03:47,360 [Worker-3] INFO  o.e.m.c.i.e.AbstractTransferListenerAdapter - Downloaded https://repo.maven.apache.org/maven2/org/apache/maven/plugins/maven-dependency-plugin/2.6/maven-dependency-plugin-2.6.jar
2020-04-30 13:03:51,273 [Worker-3] INFO  o.e.m.c.i.l.LifecycleMappingFactory - Using org.eclipse.m2e.jdt.JarLifecycleMapping lifecycle mapping for MavenProject: com.tester:jete:0.0.1 @ C:\Users\yanding.li\Desktop\myGitHub\jete\jete\pom.xml.
2020-04-30 13:03:52,838 [Worker-3] INFO  o.e.m.c.i.embedder.EclipseLogger - Using 'UTF-8' encoding to copy filtered resources.
2020-04-30 13:03:52,839 [Worker-3] INFO  o.e.m.c.i.embedder.EclipseLogger - skip non existing resourceDirectory C:\Users\yanding.li\Desktop\myGitHub\jete\jete\src\main\resources
2020-04-30 13:03:52,841 [Worker-3] INFO  o.e.m.c.i.embedder.EclipseLogger - Using 'UTF-8' encoding to copy filtered resources.
2020-04-30 13:03:53,698 [Worker-3] INFO  o.e.m.c.i.e.AbstractTransferListenerAdapter - Downloading https://repo.maven.apache.org/maven2/org/apache/maven/plugins/maven-dependency-plugin/2.6/maven-dependency-plugin-2.6.pom
2020-04-30 13:03:53,923 [Worker-3] INFO  o.e.m.c.i.e.AbstractTransferListenerAdapter - Downloaded https://repo.maven.apache.org/maven2/org/apache/maven/plugins/maven-dependency-plugin/2.6/maven-dependency-plugin-2.6.pom
2020-04-30 13:03:58,859 [Worker-16] INFO  o.e.m.c.i.embedder.EclipseLogger - Using 'UTF-8' encoding to copy filtered resources.
2020-04-30 13:03:58,860 [Worker-16] INFO  o.e.m.c.i.embedder.EclipseLogger - skip non existing resourceDirectory C:\Users\yanding.li\Desktop\myGitHub\jete\jete\src\main\resources
2020-04-30 13:03:58,862 [Worker-16] INFO  o.e.m.c.i.embedder.EclipseLogger - Using 'UTF-8' encoding to copy filtered resources.
2020-04-30 13:04:13,372 [Worker-15] INFO  o.e.m.c.i.l.LifecycleMappingFactory - Using org.eclipse.m2e.jdt.JarLifecycleMapping lifecycle mapping for MavenProject: com.tester:jete:0.0.1 @ C:\Users\yanding.li\Desktop\myGitHub\jete\jete\pom.xml.
2020-04-30 13:04:13,982 [Worker-15] INFO  o.e.m.c.i.embedder.EclipseLogger - Using 'UTF-8' encoding to copy filtered resources.
2020-04-30 13:04:13,983 [Worker-15] INFO  o.e.m.c.i.embedder.EclipseLogger - skip non existing resourceDirectory C:\Users\yanding.li\Desktop\myGitHub\jete\jete\src\main\resources
2020-04-30 13:04:13,986 [Worker-15] INFO  o.e.m.c.i.embedder.EclipseLogger - Using 'UTF-8' encoding to copy filtered resources.
2020-04-30 13:04:29,675 [Worker-16] INFO  o.e.m.c.i.l.LifecycleMappingFactory - Using org.eclipse.m2e.jdt.JarLifecycleMapping lifecycle mapping for MavenProject: com.tester:jete:0.0.1 @ C:\Users\yanding.li\Desktop\myGitHub\jete\jete\pom.xml.
2020-04-30 13:04:30,253 [Worker-16] INFO  o.e.m.c.i.embedder.EclipseLogger - Using 'UTF-8' encoding to copy filtered resources.
2020-04-30 13:04:30,253 [Worker-16] INFO  o.e.m.c.i.embedder.EclipseLogger - skip non existing resourceDirectory C:\Users\yanding.li\Desktop\myGitHub\jete\jete\src\main\resources
2020-04-30 13:04:30,257 [Worker-16] INFO  o.e.m.c.i.embedder.EclipseLogger - Using 'UTF-8' encoding to copy filtered resources.
2020-04-30 13:04:49,921 [Worker-16] INFO  o.e.m.c.i.l.LifecycleMappingFactory - Using org.eclipse.m2e.jdt.JarLifecycleMapping lifecycle mapping for MavenProject: com.tester:jete:0.0.1 @ C:\Users\yanding.li\Desktop\myGitHub\jete\jete\pom.xml.
2020-04-30 13:04:50,314 [Worker-16] INFO  o.e.m.c.i.embedder.EclipseLogger - Using 'UTF-8' encoding to copy filtered resources.
2020-04-30 13:04:50,315 [Worker-16] INFO  o.e.m.c.i.embedder.EclipseLogger - skip non existing resourceDirectory C:\Users\yanding.li\Desktop\myGitHub\jete\jete\src\main\resources
2020-04-30 13:04:50,317 [Worker-16] INFO  o.e.m.c.i.embedder.EclipseLogger - Using 'UTF-8' encoding to copy filtered resources.
2020-04-30 13:05:03,710 [Worker-14] INFO  o.e.m.c.i.l.LifecycleMappingFactory - Using org.eclipse.m2e.jdt.JarLifecycleMapping lifecycle mapping for MavenProject: com.tester:jete:0.0.1 @ C:\Users\yanding.li\Desktop\myGitHub\jete\jete\pom.xml.
2020-04-30 13:05:04,138 [Worker-14] INFO  o.e.m.c.i.embedder.EclipseLogger - Using 'UTF-8' encoding to copy filtered resources.
2020-04-30 13:05:04,139 [Worker-14] INFO  o.e.m.c.i.embedder.EclipseLogger - skip non existing resourceDirectory C:\Users\yanding.li\Desktop\myGitHub\jete\jete\src\main\resources
2020-04-30 13:05:04,146 [Worker-14] INFO  o.e.m.c.i.embedder.EclipseLogger - Using 'UTF-8' encoding to copy filtered resources.
2020-04-30 13:06:04,033 [Worker-17] INFO  o.e.m.c.i.p.ProjectConfigurationManager - Collecting project info '/pom.xml' C:\Users\yanding.li\Desktop\myGitHub\jete\jete\pom.xml
2020-04-30 13:06:05,946 [Worker-17] INFO  o.e.m.c.i.l.LifecycleMappingFactory - Using org.eclipse.m2e.jdt.JarLifecycleMapping lifecycle mapping for MavenProject: com.tester:jete:0.0.1 @ C:\Users\yanding.li\Desktop\myGitHub\jete\jete\pom.xml.
2020-04-30 13:06:07,730 [Worker-17] INFO  o.e.m.j.i.AbstractJavaProjectConfigurator - Adding source folder /jete/src/main/java
2020-04-30 13:06:07,760 [Worker-17] INFO  o.e.m.j.i.AbstractJavaProjectConfigurator - Adding source folder /jete/src/test/java
2020-04-30 13:06:08,024 [Worker-17] INFO  o.e.m.c.i.p.ProjectConfigurationManager - Imported and configured 1 project(s) in 3 sec
2020-04-30 13:06:09,109 [Worker-14] INFO  o.e.m.c.i.embedder.EclipseLogger - Using 'UTF-8' encoding to copy filtered resources.
2020-04-30 13:06:09,109 [Worker-14] INFO  o.e.m.c.i.embedder.EclipseLogger - skip non existing resourceDirectory C:\Users\yanding.li\Desktop\myGitHub\jete\jete\src\main\resources
2020-04-30 13:06:09,112 [Worker-14] INFO  o.e.m.c.i.embedder.EclipseLogger - Using 'UTF-8' encoding to copy filtered resources.
2020-04-30 13:06:09,112 [Worker-14] INFO  o.e.m.c.i.embedder.EclipseLogger - skip non existing resourceDirectory C:\Users\yanding.li\Desktop\myGitHub\jete\jete\src\test\resources
2020-04-30 13:06:34,242 [Worker-16] INFO  o.e.m.c.i.embedder.EclipseLogger - Using 'UTF-8' encoding to copy filtered resources.
2020-04-30 13:06:34,242 [Worker-16] INFO  o.e.m.c.i.embedder.EclipseLogger - skip non existing resourceDirectory C:\Users\yanding.li\Desktop\myGitHub\jete\jete\src\main\resources
2020-04-30 13:06:34,244 [Worker-16] INFO  o.e.m.c.i.embedder.EclipseLogger - Using 'UTF-8' encoding to copy filtered resources.
2020-04-30 13:06:34,244 [Worker-16] INFO  o.e.m.c.i.embedder.EclipseLogger - skip non existing resourceDirectory C:\Users\yanding.li\Desktop\myGitHub\jete\jete\src\test\resources
2020-04-30 13:06:43,167 [Worker-17] INFO  o.e.m.c.i.embedder.EclipseLogger - Using 'UTF-8' encoding to copy filtered resources.
2020-04-30 13:06:43,168 [Worker-17] INFO  o.e.m.c.i.embedder.EclipseLogger - skip non existing resourceDirectory C:\Users\yanding.li\Desktop\myGitHub\jete\jete\src\main\resources
2020-04-30 13:06:43,171 [Worker-17] INFO  o.e.m.c.i.embedder.EclipseLogger - Using 'UTF-8' encoding to copy filtered resources.
2020-04-30 13:06:43,172 [Worker-17] INFO  o.e.m.c.i.embedder.EclipseLogger - skip non existing resourceDirectory C:\Users\yanding.li\Desktop\myGitHub\jete\jete\src\test\resources
